This file contains any messages produced by compilers while
running configure, to aid debugging if configure makes a mistake.

It was created by uFTIR configure 0.1.2, which was
generated by GNU Autoconf 2.69.  Invocation command line was

  $ ./configure 

## --------- ##
## Platform. ##
## --------- ##

hostname = L0809
uname -m = x86_64
uname -r = 4.19.0-8-amd64
uname -s = Linux
uname -v = #1 SMP Debian 4.19.98-1+deb10u1 (2020-04-27)

/usr/bin/uname -p = unknown
/bin/uname -X     = unknown

/bin/arch              = x86_64
/usr/bin/arch -k       = unknown
/usr/convex/getsysinfo = unknown
/usr/bin/hostinfo      = unknown
/bin/machine           = unknown
/usr/bin/oslevel       = unknown
/bin/universe          = unknown

PATH: /usr/local/bin
PATH: /usr/bin
PATH: /bin
PATH: /usr/local/games
PATH: /usr/games


## ----------- ##
## Core tests. ##
## ----------- ##

configure:1711: R_HOME: /usr/lib/R
configure:1724: CC: gcc -std=gnu99
configure:1726: CXX: g++
configure:1767: C++11 support available
configure:1775: uFTIR: 0.1.2
configure:1778: checking for /usr/bin/svnversion
configure:1791: result: no
configure:1806: svn revision: 
configure:1832: checking for gdal-config
configure:1850: found /usr/bin/gdal-config
configure:1863: result: /usr/bin/gdal-config
configure:1900: checking gdal-config usability
configure:1910: result: yes
configure:1929: GDAL: 2.4.0
configure:1937: checking C++11 support for GDAL >= 2.3.0
configure:1940: result: yes
configure:1949: checking GDAL version >= 1.11.4
configure:1952: result: yes
configure:1966: checking GDAL version <= 2.5 or >= 3.0
configure:1974: result: yes
configure:2016: checking gdal: linking with --libs only
configure:2024: result: yes
configure:2056: checking GDAL: gdal-config data directory readable
configure:2059: result: yes
configure:2096: checking GDAL: /usr/share/gdal/pcs.csv readable
configure:2099: result: yes
configure:2116: pkg-config proj exists, will use it
configure:2131: PROJ version: 5.2.0
configure:2142: PROJ version < 6.0.0
configure:2182: proj CPP flags:   
configure:2209: PROJ LIBS: -lproj 
configure:2220: checking PROJ header API:
configure:2229: result: proj_api.h
configure:2235: checking proj_api.h presence and usability
configure:2250: result: yes
configure:2271: checking PROJ version agreement
configure:2276: result: yes
configure:2285: checking PROJ version >= 4.8.0
configure:2292: result: yes
configure:2360: checking PROJ.6: 
configure:2362: result: no
configure:2400: checking PROJ.4: epsg found and readable
configure:2407: result: yes
configure:2509: checking PROJ.4: conus found and readable
configure:2516: result: yes
configure:2607: Package CPP flags:  -I/usr/include/gdal
configure:2609: Package LIBS:  -L/usr/lib -lgdal -lproj
configure:2756: creating ./config.status

## ---------------------- ##
## Running config.status. ##
## ---------------------- ##

This file was extended by uFTIR config.status 0.1.2, which was
generated by GNU Autoconf 2.69.  Invocation command line was

  CONFIG_FILES    = 
  CONFIG_HEADERS  = 
  CONFIG_LINKS    = 
  CONFIG_COMMANDS = 
  $ ./config.status 

on L0809

config.status:713: creating src/Makevars

## ---------------- ##
## Cache variables. ##
## ---------------- ##

ac_cv_env_build_alias_set=
ac_cv_env_build_alias_value=
ac_cv_env_host_alias_set=
ac_cv_env_host_alias_value=
ac_cv_env_target_alias_set=
ac_cv_env_target_alias_value=
ac_cv_file__usr_bin_svnversion=no
ac_cv_path_GDAL_CONFIG=/usr/bin/gdal-config

## ----------------- ##
## Output variables. ##
## ----------------- ##

DEFS='-DPACKAGE_NAME=\"uFTIR\" -DPACKAGE_TARNAME=\"uftir\" -DPACKAGE_VERSION=\"0.1.2\" -DPACKAGE_STRING=\"uFTIR\ 0.1.2\" -DPACKAGE_BUGREPORT=\"fabio.corradini@inia.cl\" -DPACKAGE_URL=\"\"'
ECHO_C=''
ECHO_N='-n'
ECHO_T=''
GDAL_CONFIG='/usr/bin/gdal-config'
GDAL_DATADIR='/usr/share/gdal'
LIBOBJS=''
LIBS=' -lproj '
LTLIBOBJS=''
PACKAGE_BUGREPORT='fabio.corradini@inia.cl'
PACKAGE_NAME='uFTIR'
PACKAGE_STRING='uFTIR 0.1.2'
PACKAGE_TARNAME='uftir'
PACKAGE_URL=''
PACKAGE_VERSION='0.1.2'
PATH_SEPARATOR=':'
PKG_CPPFLAGS=' -I/usr/include/gdal'
PKG_LIBS=' -L/usr/lib -lgdal -lproj'
SHELL='/bin/bash'
bindir='${exec_prefix}/bin'
build_alias=''
datadir='${datarootdir}'
datarootdir='${prefix}/share'
docdir='${datarootdir}/doc/${PACKAGE_TARNAME}'
dvidir='${docdir}'
exec_prefix='${prefix}'
host_alias=''
htmldir='${docdir}'
includedir='${prefix}/include'
infodir='${datarootdir}/info'
libdir='${exec_prefix}/lib'
libexecdir='${exec_prefix}/libexec'
localedir='${datarootdir}/locale'
localstatedir='${prefix}/var'
mandir='${datarootdir}/man'
oldincludedir='/usr/include'
pdfdir='${docdir}'
prefix='/usr/local'
program_transform_name='s,x,x,'
psdir='${docdir}'
runstatedir='${localstatedir}/run'
sbindir='${exec_prefix}/sbin'
sharedstatedir='${prefix}/com'
sysconfdir='${prefix}/etc'
target_alias=''

## ----------- ##
## confdefs.h. ##
## ----------- ##

/* confdefs.h */
#define PACKAGE_NAME "uFTIR"
#define PACKAGE_TARNAME "uftir"
#define PACKAGE_VERSION "0.1.2"
#define PACKAGE_STRING "uFTIR 0.1.2"
#define PACKAGE_BUGREPORT "fabio.corradini@inia.cl"
#define PACKAGE_URL ""

configure: exit 0
